<?xml version="1.0" encoding="UTF-8"?>
<robot generator="Robot 7.4.2 (Python 3.14.0 on win32)" generated="2026-03-22T15:10:53.168118" rpa="false" schemaversion="5">
<suite id="s1" name="Browser Demo" source="C:\Users\zipul\Desktop\hyte_frontend\tests\browser_demo.robot">
<test id="s1-t1" name="Oman sivun kirjautumistesti" line="6">
<kw name="New Browser" owner="Browser">
<msg time="2026-03-22T15:10:54.046766" level="INFO">{"browser": "chromium", "headless": false, "chromiumSandbox": false, "devtools": false, "handleSIGHUP": true, "handleSIGINT": true, "handleSIGTERM": true, "slowMo": 0.0, "timeout": 30000.0, "tracesDir": "C:\\Users\\zipul\\Desktop\\hyte_frontend\\tests\\browser\\traces\\temp\\beb446f1-a1ba-46c7-8d8b-bac77ae0f9a2"}</msg>
<msg time="2026-03-22T15:10:54.095453" level="INFO">Starting Browser process C:\Users\zipul\AppData\Local\Programs\Python\Python314\Lib\site-packages\Browser\wrapper\index.js using at 127.0.0.1:51568</msg>
<msg time="2026-03-22T15:11:01.076657" level="INFO">Successfully created browser with options: {"browser":"chromium","headless":false,"chromiumSandbox":false,"devtools":false,"handleSIGHUP":true,"handleSIGINT":true,"handleSIGTERM":true,"slowMo":0,"timeout":30000,"tracesDir":"C:\\Users\\zipul\\Desktop\\hyte_frontend\\tests\\browser\\traces\\temp\\beb446f1-a1ba-46c7-8d8b-bac77ae0f9a2"}</msg>
<arg>chromium</arg>
<arg>headless=No</arg>
<tag>BrowserControl</tag>
<tag>Setter</tag>
<doc>Create a new playwright Browser with specified options.</doc>
<status status="PASS" start="2026-03-22T15:10:54.045361" elapsed="7.031481"/>
</kw>
<kw name="New Page" owner="Browser">
<msg time="2026-03-22T15:11:02.165127" level="INFO">Successfully initialized new page object and opened url: http://localhost:5173/login.html</msg>
<msg time="2026-03-22T15:11:02.165217" level="INFO">No context was open. New context was automatically opened when this page is created.</msg>
<arg>http://localhost:5173/login.html</arg>
<tag>BrowserControl</tag>
<tag>Setter</tag>
<doc>Open a new Page.</doc>
<status status="PASS" start="2026-03-22T15:11:01.077205" elapsed="1.088168"/>
</kw>
<kw name="Get Title" owner="Browser">
<msg time="2026-03-22T15:11:02.214841" level="INFO">Title: 'MedCheck'</msg>
<arg>==</arg>
<arg>MedCheck</arg>
<tag>Assertion</tag>
<tag>Getter</tag>
<tag>PageContent</tag>
<doc>Returns the title of the current page.</doc>
<status status="PASS" start="2026-03-22T15:11:02.165821" elapsed="0.049170"/>
</kw>
<kw name="Type Text" owner="Browser">
<msg time="2026-03-22T15:11:02.216492" level="INFO">Types the text 'matti123' in the given field.</msg>
<arg>[id="loginUsername"]</arg>
<arg>${Username}</arg>
<arg>delay=0.1 s</arg>
<tag>PageContent</tag>
<tag>Setter</tag>
<doc>Types the given ``txt`` into the text field found by ``selector``.</doc>
<status status="PASS" start="2026-03-22T15:11:02.215440" elapsed="0.957608"/>
</kw>
<kw name="Type Secret" owner="Browser">
<arg>[id="loginPassword"]</arg>
<arg>$Password</arg>
<arg>delay=0.1 s</arg>
<tag>PageContent</tag>
<tag>Setter</tag>
<doc>Types the given secret from ``variable_name`` into the text field
found by ``selector``.</doc>
<status status="PASS" start="2026-03-22T15:11:03.173591" elapsed="0.898709"/>
</kw>
<kw name="Click With Options" owner="Browser">
<msg time="2026-03-22T15:11:04.073881" level="INFO">Clicks the element '[id="ksis"]'.</msg>
<arg>[id="ksis"]</arg>
<arg>delay=2 s</arg>
<tag>PageContent</tag>
<tag>Setter</tag>
<doc>Simulates mouse click on the element found by ``selector``.</doc>
<status status="PASS" start="2026-03-22T15:11:04.072942" elapsed="2.043413"/>
</kw>
<status status="PASS" start="2026-03-22T15:10:54.044167" elapsed="12.072567"/>
</test>
<status status="PASS" start="2026-03-22T15:10:53.170210" elapsed="12.950838"/>
</suite>
<statistics>
<total>
<stat pass="1" fail="0" skip="0">All Tests</stat>
</total>
<tag>
</tag>
<suite>
<stat name="Browser Demo" id="s1" pass="1" fail="0" skip="0">Browser Demo</stat>
</suite>
</statistics>
<errors>
</errors>
</robot>
